In file included from [01m[K/home/drew/Desktop/capstone/ws/src/cpp_full/cpp_full.cpp:3:0[m[K:
[01m[K/opt/ros/melodic/include/pcl_ros/point_cloud.h:303:27:[m[K [01;35m[Kwarning: [m[Kvariable templates only available with -std=c++14 or -std=gnu++14
     constexpr static bool [01;35m[Kpcl_uses_boost[m[K = true;
                           [01;35m[K^~~~~~~~~~~~~~[m[K
[01m[K/home/drew/Desktop/capstone/ws/src/cpp_full/cpp_full.cpp:[m[K In function â€˜[01m[Kint main(int, char**)[m[Kâ€™:
[01m[K/home/drew/Desktop/capstone/ws/src/cpp_full/cpp_full.cpp:97:41:[m[K [01;35m[Kwarning: [m[KNULL used in arithmetic [[01;35m[K-Wpointer-arith[m[K]
             if (previousOdom.x_trans == [01;35m[KNULL[m[K) // if this odom message is our very first reading, use it regardless
                                         [01;35m[K^~~~[m[K
[01m[K/home/drew/Desktop/capstone/ws/src/cpp_full/cpp_full.cpp:197:10:[m[K [01;31m[Kerror: [m[Kâ€˜[01m[KVoxelGrid[m[Kâ€™ is not a member of â€˜[01m[Kpcl[m[Kâ€™
     pcl::[01;31m[KVoxelGrid[m[K<pcl::PointXYZ>sor;
          [01;31m[K^~~~~~~~~[m[K
[01m[K/home/drew/Desktop/capstone/ws/src/cpp_full/cpp_full.cpp:197:33:[m[K [01;31m[Kerror: [m[Kexpected primary-expression before â€˜[01m[K>[m[Kâ€™ token
     pcl::VoxelGrid<pcl::PointXYZ[01;31m[K>[m[Ksor;
                                 [01;31m[K^[m[K
[01m[K/home/drew/Desktop/capstone/ws/src/cpp_full/cpp_full.cpp:197:34:[m[K [01;31m[Kerror: [m[Kâ€˜[01m[Ksor[m[Kâ€™ was not declared in this scope
     pcl::VoxelGrid<pcl::PointXYZ>[01;31m[Ksor[m[K;
                                  [01;31m[K^~~[m[K
[01m[K/home/drew/Desktop/capstone/ws/src/cpp_full/cpp_full.cpp:197:34:[m[K [01;36m[Knote: [m[Ksuggested alternative: â€˜[01m[Ksbrk[m[Kâ€™
     pcl::VoxelGrid<pcl::PointXYZ>[01;36m[Ksor[m[K;
                                  [01;36m[K^~~[m[K
                                  [32m[Ksbrk[m[K
make[2]: *** [CMakeFiles/cpp_full.dir/cpp_full.cpp.o] Error 1
make[1]: *** [CMakeFiles/cpp_full.dir/all] Error 2
make: *** [all] Error 2
