[35m[1mScanning dependencies of target cpp_full[0m
[ 50%] [32mBuilding CXX object CMakeFiles/cpp_full.dir/cpp_full.cpp.o[0m
In file included from [01m[K/home/drew/Desktop/capstone/ws/src/cpp_full/cpp_full.cpp:3:0[m[K:
[01m[K/opt/ros/melodic/include/pcl_ros/point_cloud.h:303:27:[m[K [01;35m[Kwarning: [m[Kvariable templates only available with -std=c++14 or -std=gnu++14
     constexpr static bool [01;35m[Kpcl_uses_boost[m[K = true;
                           [01;35m[K^~~~~~~~~~~~~~[m[K
[01m[K/home/drew/Desktop/capstone/ws/src/cpp_full/cpp_full.cpp:[m[K In function â€˜[01m[Kint main(int, char**)[m[Kâ€™:
[01m[K/home/drew/Desktop/capstone/ws/src/cpp_full/cpp_full.cpp:145:82:[m[K [01;31m[Kerror: [m[Kâ€˜[01m[Ktransformed_pointcloud[m[Kâ€™ was not declared in this scope
                     std::cout << "transformed pointcloud width and height: " << *[01;31m[Ktransformed_pointcloud[m[K -> width << " " << *transformed_pointcloud -> height << std::endl;
                                                                                  [01;31m[K^~~~~~~~~~~~~~~~~~~~~~[m[K
[01m[K/home/drew/Desktop/capstone/ws/src/cpp_full/cpp_full.cpp:145:82:[m[K [01;36m[Knote: [m[Ksuggested alternative: â€˜[01m[Ktransformed_cloud[m[Kâ€™
                     std::cout << "transformed pointcloud width and height: " << *[01;36m[Ktransformed_pointcloud[m[K -> width << " " << *transformed_pointcloud -> height << std::endl;
                                                                                  [01;36m[K^~~~~~~~~~~~~~~~~~~~~~[m[K
                                                                                  [32m[Ktransformed_cloud[m[K
CMakeFiles/cpp_full.dir/build.make:62: recipe for target 'CMakeFiles/cpp_full.dir/cpp_full.cpp.o' failed
make[2]: *** [CMakeFiles/cpp_full.dir/cpp_full.cpp.o] Error 1
CMakeFiles/Makefile2:67: recipe for target 'CMakeFiles/cpp_full.dir/all' failed
make[1]: *** [CMakeFiles/cpp_full.dir/all] Error 2
Makefile:140: recipe for target 'all' failed
make: *** [all] Error 2
